<?xml version="1.0" encoding="UTF-8"?>
<!-- Generated by org.testng.reporters.JUnitReportReporter -->
<testsuite hostname="LAPTOP-D0G4RM9N" failures="0" tests="2" name="practice.hometest.HomePageVerificationTest" time="11.486" errors="0" timestamp="2024-06-03T11:00:43 IST" skipped="0">
  <testcase classname="practice.hometest.HomePageVerificationTest" name="verifyLogoHomePageTest" time="5.347"/>
  <testcase classname="practice.hometest.HomePageVerificationTest" name="homepageTest" time="6.139"/>
</testsuite> <!-- practice.hometest.HomePageVerificationTest -->
