<?xml version="1.0" encoding="UTF-8"?>
<!-- Generated by org.testng.reporters.JUnitReportReporter -->
<testsuite hostname="LAPTOP-D0G4RM9N" failures="0" tests="1" name="com.comcast.crm.contactTest.CreateContactWthOrgTesteg4" time="31.526" errors="0" timestamp="2024-05-31T15:07:22 IST" skipped="0">
  <testcase classname="com.comcast.crm.contactTest.CreateContactWthOrgTesteg4" name="CreateContactWthOrgTesteg4" time="31.526"/>
</testsuite> <!-- com.comcast.crm.contactTest.CreateContactWthOrgTesteg4 -->
