<?xml version="1.0" encoding="UTF-8"?>
<!-- Generated by org.testng.reporters.JUnitReportReporter -->
<testsuite hostname="LAPTOP-D0G4RM9N" failures="0" tests="1" name="com.comcast.crm.orgtest.CreateOrganzatonWthndutsrygenerceg2" time="16.380" errors="0" timestamp="2024-06-03T08:49:14 IST" skipped="0">
  <testcase classname="com.comcast.crm.orgtest.CreateOrganzatonWthndutsrygenerceg2" name="CreateOrganzatonWthndutsrygenerceg2" time="16.380"/>
</testsuite> <!-- com.comcast.crm.orgtest.CreateOrganzatonWthndutsrygenerceg2 -->
