<?xml version="1.0" encoding="UTF-8"?>
<!-- Generated by org.testng.reporters.JUnitReportReporter -->
<testsuite hostname="LAPTOP-D0G4RM9N" failures="0" tests="2" name="practice.test.GetProductInfoTest" time="11.651" errors="0" timestamp="2024-05-29T16:38:41 IST" skipped="0">
  <testcase classname="practice.test.GetProductInfoTest" name="getProductInfoTest" time="6.691"/>
  <testcase classname="practice.test.GetProductInfoTest" name="getProductInfoTest" time="4.960"/>
</testsuite> <!-- practice.test.GetProductInfoTest -->
