<?xml version="1.0" encoding="UTF-8"?>
<!-- Generated by org.testng.reporters.JUnitReportReporter -->
<testsuite hostname="LAPTOP-D0G4RM9N" failures="0" tests="1" name="com.comcast.crm.contactTest.CreateContactWthSupportDateTest" time="25.075" errors="0" timestamp="2024-05-30T16:18:08 IST" skipped="0">
  <testcase classname="com.comcast.crm.contactTest.CreateContactWthSupportDateTest" name="createContactWthSupportDateTest" time="25.075"/>
</testsuite> <!-- com.comcast.crm.contactTest.CreateContactWthSupportDateTest -->
