<?xml version="1.0" encoding="UTF-8"?>
<!-- Generated by org.testng.reporters.JUnitReportReporter -->
<testsuite hostname="LAPTOP-D0G4RM9N" failures="0" tests="3" name="com.comcast.crm.orgtest.GenercutltesaEg1" time="44.735" errors="0" timestamp="2024-06-06T17:50:20 IST" skipped="0">
  <testcase classname="com.comcast.crm.orgtest.GenercutltesaEg1" name="Genercegtestase3CreateOrganzaton" time="15.276"/>
  <testcase classname="com.comcast.crm.orgtest.GenercutltesaEg1" name="CreateOrganzatonWthndutsrygenerceg2" time="14.915"/>
  <testcase classname="com.comcast.crm.orgtest.GenercutltesaEg1" name="GenercutltesaEg12" time="14.544"/>
</testsuite> <!-- com.comcast.crm.orgtest.GenercutltesaEg1 -->
