<?xml version="1.0" encoding="UTF-8"?>
<!-- Generated by org.testng.reporters.JUnitReportReporter -->
<testsuite hostname="LAPTOP-D0G4RM9N" failures="0" tests="6" name="com.comcast.crm.contactTest.CreateContactTest" time="142.215" errors="0" timestamp="2024-06-03T13:07:24 IST" skipped="0">
  <testcase classname="com.comcast.crm.contactTest.CreateContactTest" name="CreateContactWthOrgTesteg4" time="32.412"/>
  <testcase classname="com.comcast.crm.contactTest.CreateContactTest" name="CreateContactTest" time="18.875"/>
  <testcase classname="com.comcast.crm.contactTest.CreateContactTest" name="CreateContactWithSupportDateTest" time="19.576"/>
  <testcase classname="com.comcast.crm.contactTest.CreateContactTest" name="CreateContactTest" time="20.219"/>
  <testcase classname="com.comcast.crm.contactTest.CreateContactTest" name="CreateContactWthOrgTesteg4" time="32.366"/>
  <testcase classname="com.comcast.crm.contactTest.CreateContactTest" name="CreateContactWithSupportDateTest" time="18.767"/>
</testsuite> <!-- com.comcast.crm.contactTest.CreateContactTest -->
