<?xml version="1.0" encoding="UTF-8"?>
<!-- Generated by org.testng.reporters.JUnitReportReporter -->
<testsuite hostname="LAPTOP-D0G4RM9N" failures="0" tests="2" name="practice.hometest.HomePageSampleTesteg2" time="0.012" errors="0" timestamp="2024-06-03T14:22:59 IST" skipped="0">
  <testcase classname="practice.hometest.HomePageSampleTesteg2" name="homepageTest" time="0.010">
    <system-out>
      <![CDATA[homepageTestTest Start
step-1
step-2
step-3
step-4
homepageTestTest End]]>
    </system-out>
  </testcase> <!-- homepageTest -->
  <testcase classname="practice.hometest.HomePageSampleTesteg2" name="verifyLogoHomePageTest" time="0.002">
    <system-out>
      <![CDATA[verifyLogoHomePageTestTest Start
step-1
step-2
step-3
step-4
verifyLogoHomePageTestTest End]]>
    </system-out>
  </testcase> <!-- verifyLogoHomePageTest -->
  <system-out>
    <![CDATA[homepageTestTest Start
step-1
step-2
step-3
step-4
homepageTestTest End
verifyLogoHomePageTestTest Start
step-1
step-2
step-3
step-4
verifyLogoHomePageTestTest End]]>
  </system-out>
</testsuite> <!-- practice.hometest.HomePageSampleTesteg2 -->
