<?xml version="1.0" encoding="UTF-8"?>
<!-- Generated by org.testng.reporters.JUnitXMLReporter -->
<testsuite ignored="0" hostname="LAPTOP-D0G4RM9N" failures="0" tests="3" name="Test-1" time="61.764" errors="0" timestamp="2024-06-03T09:31:50 IST">
  <testcase classname="com.comcast.crm.orgtest.GenercutltesaEg1" name="CreateOrganzatonWthndutsrygenerceg2" time="14.292"/>
  <testcase classname="com.comcast.crm.orgtest.GenercutltesaEg1" name="Genercegtestase3CreateOrganzaton" time="12.811"/>
  <testcase classname="com.comcast.crm.orgtest.GenercutltesaEg1" name="GenercutltesaEg1" time="12.513"/>
</testsuite> <!-- Test-1 -->
