<?xml version="1.0" encoding="UTF-8"?>
<!-- Generated by org.testng.reporters.JUnitXMLReporter -->
<testsuite ignored="0" hostname="LAPTOP-D0G4RM9N" failures="0" tests="3" name="Test-2" time="86.385" errors="0" timestamp="2024-06-03T09:32:15 IST">
  <testcase classname="com.comcast.crm.contactTest.CreateContactTest" name="CreateContactTest" time="18.896"/>
  <testcase classname="com.comcast.crm.contactTest.CreateContactTest" name="CreateContactWithSupportDateTest" time="19.349"/>
  <testcase classname="com.comcast.crm.contactTest.CreateContactTest" name="CreateContactWthOrgTesteg4" time="26.841"/>
</testsuite> <!-- Test-2 -->
